Simulator report for wrapper
Sun Nov  5 04:37:50 2023
Quartus II 64-Bit Version 13.0.1 Build 232 06/12/2013 Service Pack 1 SJ Web Edition


---------------------
; Table of Contents ;
---------------------
  1. Legal Notice
  2. Simulator Summary
  3. Simulator Settings
  4. Simulation Waveforms
  5. Coverage Summary
  6. Complete 1/0-Value Coverage
  7. Missing 1-Value Coverage
  8. Missing 0-Value Coverage
  9. Simulator INI Usage
 10. Simulator Messages



----------------
; Legal Notice ;
----------------
Copyright (C) 1991-2013 Altera Corporation
Your use of Altera Corporation's design tools, logic functions 
and other software and tools, and its AMPP partner logic 
functions, and any output files from any of the foregoing 
(including device programming or simulation files), and any 
associated documentation or information are expressly subject 
to the terms and conditions of the Altera Program License 
Subscription Agreement, Altera MegaCore Function License 
Agreement, or other applicable license agreement, including, 
without limitation, that your use is for the sole purpose of 
programming logic devices manufactured by Altera and sold by 
Altera or its authorized distributors.  Please refer to the 
applicable agreement for further details.



+--------------------------------------------+
; Simulator Summary                          ;
+-----------------------------+--------------+
; Type                        ; Value        ;
+-----------------------------+--------------+
; Simulation Start Time       ; 0 ps         ;
; Simulation End Time         ; 1.0 us       ;
; Simulation Netlist Size     ; 154 nodes    ;
; Simulation Coverage         ;      69.48 % ;
; Total Number of Transitions ; 8718         ;
; Simulation Breakpoints      ; 0            ;
; Family                      ; Cyclone II   ;
+-----------------------------+--------------+


+-----------------------------------------------------------------------------------------------------------------------------------------------------------------------------+
; Simulator Settings                                                                                                                                                          ;
+--------------------------------------------------------------------------------------------+----------------------------------------------------------------+---------------+
; Option                                                                                     ; Setting                                                        ; Default Value ;
+--------------------------------------------------------------------------------------------+----------------------------------------------------------------+---------------+
; Simulation mode                                                                            ; Functional                                                     ; Timing        ;
; Start time                                                                                 ; 0 ns                                                           ; 0 ns          ;
; Simulation results format                                                                  ; VWF                                                            ;               ;
; Vector input source                                                                        ; /home/python/Documents/projects/lab2/ex04/quartus/Waveform.vwf ;               ;
; Add pins automatically to simulation output waveforms                                      ; On                                                             ; On            ;
; Check outputs                                                                              ; Off                                                            ; Off           ;
; Report simulation coverage                                                                 ; On                                                             ; On            ;
; Display complete 1/0 value coverage report                                                 ; On                                                             ; On            ;
; Display missing 1-value coverage report                                                    ; On                                                             ; On            ;
; Display missing 0-value coverage report                                                    ; On                                                             ; On            ;
; Detect setup and hold time violations                                                      ; Off                                                            ; Off           ;
; Detect glitches                                                                            ; Off                                                            ; Off           ;
; Disable timing delays in Timing Simulation                                                 ; Off                                                            ; Off           ;
; Generate Signal Activity File                                                              ; Off                                                            ; Off           ;
; Generate VCD File for PowerPlay Power Analyzer                                             ; Off                                                            ; Off           ;
; Group bus channels in simulation results                                                   ; Off                                                            ; Off           ;
; Preserve fewer signal transitions to reduce memory requirements                            ; On                                                             ; On            ;
; Trigger vector comparison with the specified mode                                          ; INPUT_EDGE                                                     ; INPUT_EDGE    ;
; Disable setup and hold time violations detection in input registers of bi-directional pins ; Off                                                            ; Off           ;
; Overwrite Waveform Inputs With Simulation Outputs                                          ; Off                                                            ;               ;
; Perform Glitch Filtering in Timing Simulation                                              ; Auto                                                           ; Auto          ;
+--------------------------------------------------------------------------------------------+----------------------------------------------------------------+---------------+


+----------------------+
; Simulation Waveforms ;
+----------------------+
Waveform report data cannot be output to ASCII.
Please use Quartus II 64-Bit to view the waveform report data.


+--------------------------------------------------------------------+
; Coverage Summary                                                   ;
+-----------------------------------------------------+--------------+
; Type                                                ; Value        ;
+-----------------------------------------------------+--------------+
; Total coverage as a percentage                      ;      69.48 % ;
; Total nodes checked                                 ; 154          ;
; Total output ports checked                          ; 154          ;
; Total output ports with complete 1/0-value coverage ; 107          ;
; Total output ports with no 1/0-value coverage       ; 47           ;
; Total output ports with no 1-value coverage         ; 47           ;
; Total output ports with no 0-value coverage         ; 47           ;
+-----------------------------------------------------+--------------+


The following table displays output ports that toggle between 1 and 0 during simulation.
+--------------------------------------------------------------------------------------------------------------------------------------------------------------------------------------------------+
; Complete 1/0-Value Coverage                                                                                                                                                                      ;
+---------------------------------------------------------------------------------------+---------------------------------------------------------------------------------------+------------------+
; Node Name                                                                             ; Output Port Name                                                                      ; Output Port Type ;
+---------------------------------------------------------------------------------------+---------------------------------------------------------------------------------------+------------------+
; |wrapper|SW[0]                                                                        ; |wrapper|SW[0]                                                                        ; out              ;
; |wrapper|SW[1]                                                                        ; |wrapper|SW[1]                                                                        ; out              ;
; |wrapper|SW[2]                                                                        ; |wrapper|SW[2]                                                                        ; out              ;
; |wrapper|LEDR[0]                                                                      ; |wrapper|LEDR[0]                                                                      ; pin_out          ;
; |wrapper|LEDR[1]                                                                      ; |wrapper|LEDR[1]                                                                      ; pin_out          ;
; |wrapper|LEDR[2]                                                                      ; |wrapper|LEDR[2]                                                                      ; pin_out          ;
; |wrapper|LEDG[0]                                                                      ; |wrapper|LEDG[0]                                                                      ; pin_out          ;
; |wrapper|design4:dut|IC74151:mux|lpm_mux:Mux0|mux_joc:auto_generated|_~1              ; |wrapper|design4:dut|IC74151:mux|lpm_mux:Mux0|mux_joc:auto_generated|_~1              ; out0             ;
; |wrapper|design4:dut|IC74151:mux|lpm_mux:Mux0|mux_joc:auto_generated|_~3              ; |wrapper|design4:dut|IC74151:mux|lpm_mux:Mux0|mux_joc:auto_generated|_~3              ; out0             ;
; |wrapper|design4:dut|IC74151:mux|lpm_mux:Mux0|mux_joc:auto_generated|_~5              ; |wrapper|design4:dut|IC74151:mux|lpm_mux:Mux0|mux_joc:auto_generated|_~5              ; out0             ;
; |wrapper|design4:dut|IC74151:mux|lpm_mux:Mux0|mux_joc:auto_generated|_~6              ; |wrapper|design4:dut|IC74151:mux|lpm_mux:Mux0|mux_joc:auto_generated|_~6              ; out0             ;
; |wrapper|design4:dut|IC74151:mux|lpm_mux:Mux0|mux_joc:auto_generated|_~7              ; |wrapper|design4:dut|IC74151:mux|lpm_mux:Mux0|mux_joc:auto_generated|_~7              ; out0             ;
; |wrapper|design4:dut|IC74151:mux|lpm_mux:Mux0|mux_joc:auto_generated|_~8              ; |wrapper|design4:dut|IC74151:mux|lpm_mux:Mux0|mux_joc:auto_generated|_~8              ; out0             ;
; |wrapper|design4:dut|IC74151:mux|lpm_mux:Mux0|mux_joc:auto_generated|_~10             ; |wrapper|design4:dut|IC74151:mux|lpm_mux:Mux0|mux_joc:auto_generated|_~10             ; out0             ;
; |wrapper|design4:dut|IC74151:mux|lpm_mux:Mux0|mux_joc:auto_generated|_~12             ; |wrapper|design4:dut|IC74151:mux|lpm_mux:Mux0|mux_joc:auto_generated|_~12             ; out0             ;
; |wrapper|design4:dut|IC74151:mux|lpm_mux:Mux0|mux_joc:auto_generated|_~14             ; |wrapper|design4:dut|IC74151:mux|lpm_mux:Mux0|mux_joc:auto_generated|_~14             ; out0             ;
; |wrapper|design4:dut|IC74151:mux|lpm_mux:Mux0|mux_joc:auto_generated|_~15             ; |wrapper|design4:dut|IC74151:mux|lpm_mux:Mux0|mux_joc:auto_generated|_~15             ; out0             ;
; |wrapper|design4:dut|IC74151:mux|lpm_mux:Mux0|mux_joc:auto_generated|_~16             ; |wrapper|design4:dut|IC74151:mux|lpm_mux:Mux0|mux_joc:auto_generated|_~16             ; out0             ;
; |wrapper|design4:dut|IC74151:mux|lpm_mux:Mux0|mux_joc:auto_generated|_~17             ; |wrapper|design4:dut|IC74151:mux|lpm_mux:Mux0|mux_joc:auto_generated|_~17             ; out0             ;
; |wrapper|design4:dut|IC74151:mux|lpm_mux:Mux0|mux_joc:auto_generated|_~18             ; |wrapper|design4:dut|IC74151:mux|lpm_mux:Mux0|mux_joc:auto_generated|_~18             ; out0             ;
; |wrapper|design4:dut|IC74151:mux|lpm_mux:Mux0|mux_joc:auto_generated|_~23             ; |wrapper|design4:dut|IC74151:mux|lpm_mux:Mux0|mux_joc:auto_generated|_~23             ; out0             ;
; |wrapper|design4:dut|IC74151:mux|lpm_mux:Mux0|mux_joc:auto_generated|_~25             ; |wrapper|design4:dut|IC74151:mux|lpm_mux:Mux0|mux_joc:auto_generated|_~25             ; out0             ;
; |wrapper|design4:dut|IC74151:mux|lpm_mux:Mux0|mux_joc:auto_generated|_~27             ; |wrapper|design4:dut|IC74151:mux|lpm_mux:Mux0|mux_joc:auto_generated|_~27             ; out0             ;
; |wrapper|design4:dut|IC74151:mux|lpm_mux:Mux0|mux_joc:auto_generated|_~28             ; |wrapper|design4:dut|IC74151:mux|lpm_mux:Mux0|mux_joc:auto_generated|_~28             ; out0             ;
; |wrapper|design4:dut|IC74151:mux|lpm_mux:Mux0|mux_joc:auto_generated|_~29             ; |wrapper|design4:dut|IC74151:mux|lpm_mux:Mux0|mux_joc:auto_generated|_~29             ; out0             ;
; |wrapper|design4:dut|IC74151:mux|lpm_mux:Mux0|mux_joc:auto_generated|_~30             ; |wrapper|design4:dut|IC74151:mux|lpm_mux:Mux0|mux_joc:auto_generated|_~30             ; out0             ;
; |wrapper|design4:dut|IC74151:mux|lpm_mux:Mux0|mux_joc:auto_generated|_~32             ; |wrapper|design4:dut|IC74151:mux|lpm_mux:Mux0|mux_joc:auto_generated|_~32             ; out0             ;
; |wrapper|design4:dut|IC74151:mux|lpm_mux:Mux0|mux_joc:auto_generated|_~34             ; |wrapper|design4:dut|IC74151:mux|lpm_mux:Mux0|mux_joc:auto_generated|_~34             ; out0             ;
; |wrapper|design4:dut|IC74151:mux|lpm_mux:Mux0|mux_joc:auto_generated|_~36             ; |wrapper|design4:dut|IC74151:mux|lpm_mux:Mux0|mux_joc:auto_generated|_~36             ; out0             ;
; |wrapper|design4:dut|IC74151:mux|lpm_mux:Mux0|mux_joc:auto_generated|_~37             ; |wrapper|design4:dut|IC74151:mux|lpm_mux:Mux0|mux_joc:auto_generated|_~37             ; out0             ;
; |wrapper|design4:dut|IC74151:mux|lpm_mux:Mux0|mux_joc:auto_generated|_~38             ; |wrapper|design4:dut|IC74151:mux|lpm_mux:Mux0|mux_joc:auto_generated|_~38             ; out0             ;
; |wrapper|design4:dut|IC74151:mux|lpm_mux:Mux0|mux_joc:auto_generated|_~39             ; |wrapper|design4:dut|IC74151:mux|lpm_mux:Mux0|mux_joc:auto_generated|_~39             ; out0             ;
; |wrapper|design4:dut|IC74151:mux|lpm_mux:Mux0|mux_joc:auto_generated|_~40             ; |wrapper|design4:dut|IC74151:mux|lpm_mux:Mux0|mux_joc:auto_generated|_~40             ; out0             ;
; |wrapper|design4:dut|IC74151:mux|lpm_mux:Mux0|mux_joc:auto_generated|_~45             ; |wrapper|design4:dut|IC74151:mux|lpm_mux:Mux0|mux_joc:auto_generated|_~45             ; out0             ;
; |wrapper|design4:dut|IC74151:mux|lpm_mux:Mux0|mux_joc:auto_generated|_~47             ; |wrapper|design4:dut|IC74151:mux|lpm_mux:Mux0|mux_joc:auto_generated|_~47             ; out0             ;
; |wrapper|design4:dut|IC74151:mux|lpm_mux:Mux0|mux_joc:auto_generated|_~48             ; |wrapper|design4:dut|IC74151:mux|lpm_mux:Mux0|mux_joc:auto_generated|_~48             ; out0             ;
; |wrapper|design4:dut|IC74151:mux|lpm_mux:Mux0|mux_joc:auto_generated|_~50             ; |wrapper|design4:dut|IC74151:mux|lpm_mux:Mux0|mux_joc:auto_generated|_~50             ; out0             ;
; |wrapper|design4:dut|IC74151:mux|lpm_mux:Mux0|mux_joc:auto_generated|_~53             ; |wrapper|design4:dut|IC74151:mux|lpm_mux:Mux0|mux_joc:auto_generated|_~53             ; out0             ;
; |wrapper|design4:dut|IC74151:mux|lpm_mux:Mux0|mux_joc:auto_generated|_~54             ; |wrapper|design4:dut|IC74151:mux|lpm_mux:Mux0|mux_joc:auto_generated|_~54             ; out0             ;
; |wrapper|design4:dut|IC74151:mux|lpm_mux:Mux0|mux_joc:auto_generated|_~55             ; |wrapper|design4:dut|IC74151:mux|lpm_mux:Mux0|mux_joc:auto_generated|_~55             ; out0             ;
; |wrapper|design4:dut|IC74151:mux|lpm_mux:Mux0|mux_joc:auto_generated|_~56             ; |wrapper|design4:dut|IC74151:mux|lpm_mux:Mux0|mux_joc:auto_generated|_~56             ; out0             ;
; |wrapper|design4:dut|IC74151:mux|lpm_mux:Mux0|mux_joc:auto_generated|_~57             ; |wrapper|design4:dut|IC74151:mux|lpm_mux:Mux0|mux_joc:auto_generated|_~57             ; out0             ;
; |wrapper|design4:dut|IC74151:mux|lpm_mux:Mux0|mux_joc:auto_generated|_~59             ; |wrapper|design4:dut|IC74151:mux|lpm_mux:Mux0|mux_joc:auto_generated|_~59             ; out0             ;
; |wrapper|design4:dut|IC74151:mux|lpm_mux:Mux0|mux_joc:auto_generated|_~62             ; |wrapper|design4:dut|IC74151:mux|lpm_mux:Mux0|mux_joc:auto_generated|_~62             ; out0             ;
; |wrapper|design4:dut|IC74151:mux|lpm_mux:Mux0|mux_joc:auto_generated|_~63             ; |wrapper|design4:dut|IC74151:mux|lpm_mux:Mux0|mux_joc:auto_generated|_~63             ; out0             ;
; |wrapper|design4:dut|IC74151:mux|lpm_mux:Mux0|mux_joc:auto_generated|_~64             ; |wrapper|design4:dut|IC74151:mux|lpm_mux:Mux0|mux_joc:auto_generated|_~64             ; out0             ;
; |wrapper|design4:dut|IC74151:mux|lpm_mux:Mux0|mux_joc:auto_generated|_~65             ; |wrapper|design4:dut|IC74151:mux|lpm_mux:Mux0|mux_joc:auto_generated|_~65             ; out0             ;
; |wrapper|design4:dut|IC74151:mux|lpm_mux:Mux0|mux_joc:auto_generated|_~66             ; |wrapper|design4:dut|IC74151:mux|lpm_mux:Mux0|mux_joc:auto_generated|_~66             ; out0             ;
; |wrapper|design4:dut|IC74151:mux|lpm_mux:Mux0|mux_joc:auto_generated|_~67             ; |wrapper|design4:dut|IC74151:mux|lpm_mux:Mux0|mux_joc:auto_generated|_~67             ; out0             ;
; |wrapper|design4:dut|IC74151:mux|lpm_mux:Mux0|mux_joc:auto_generated|_~68             ; |wrapper|design4:dut|IC74151:mux|lpm_mux:Mux0|mux_joc:auto_generated|_~68             ; out0             ;
; |wrapper|design4:dut|IC74151:mux|lpm_mux:Mux0|mux_joc:auto_generated|_~69             ; |wrapper|design4:dut|IC74151:mux|lpm_mux:Mux0|mux_joc:auto_generated|_~69             ; out0             ;
; |wrapper|design4:dut|IC74151:mux|lpm_mux:Mux0|mux_joc:auto_generated|_~70             ; |wrapper|design4:dut|IC74151:mux|lpm_mux:Mux0|mux_joc:auto_generated|_~70             ; out0             ;
; |wrapper|design4:dut|IC74151:mux|lpm_mux:Mux0|mux_joc:auto_generated|_~71             ; |wrapper|design4:dut|IC74151:mux|lpm_mux:Mux0|mux_joc:auto_generated|_~71             ; out0             ;
; |wrapper|design4:dut|IC74151:mux|lpm_mux:Mux0|mux_joc:auto_generated|_~73             ; |wrapper|design4:dut|IC74151:mux|lpm_mux:Mux0|mux_joc:auto_generated|_~73             ; out0             ;
; |wrapper|design4:dut|IC74151:mux|lpm_mux:Mux0|mux_joc:auto_generated|_~75             ; |wrapper|design4:dut|IC74151:mux|lpm_mux:Mux0|mux_joc:auto_generated|_~75             ; out0             ;
; |wrapper|design4:dut|IC74151:mux|lpm_mux:Mux0|mux_joc:auto_generated|_~77             ; |wrapper|design4:dut|IC74151:mux|lpm_mux:Mux0|mux_joc:auto_generated|_~77             ; out0             ;
; |wrapper|design4:dut|IC74151:mux|lpm_mux:Mux0|mux_joc:auto_generated|_~78             ; |wrapper|design4:dut|IC74151:mux|lpm_mux:Mux0|mux_joc:auto_generated|_~78             ; out0             ;
; |wrapper|design4:dut|IC74151:mux|lpm_mux:Mux0|mux_joc:auto_generated|_~79             ; |wrapper|design4:dut|IC74151:mux|lpm_mux:Mux0|mux_joc:auto_generated|_~79             ; out0             ;
; |wrapper|design4:dut|IC74151:mux|lpm_mux:Mux0|mux_joc:auto_generated|_~80             ; |wrapper|design4:dut|IC74151:mux|lpm_mux:Mux0|mux_joc:auto_generated|_~80             ; out0             ;
; |wrapper|design4:dut|IC74151:mux|lpm_mux:Mux0|mux_joc:auto_generated|_~82             ; |wrapper|design4:dut|IC74151:mux|lpm_mux:Mux0|mux_joc:auto_generated|_~82             ; out0             ;
; |wrapper|design4:dut|IC74151:mux|lpm_mux:Mux0|mux_joc:auto_generated|_~84             ; |wrapper|design4:dut|IC74151:mux|lpm_mux:Mux0|mux_joc:auto_generated|_~84             ; out0             ;
; |wrapper|design4:dut|IC74151:mux|lpm_mux:Mux0|mux_joc:auto_generated|_~86             ; |wrapper|design4:dut|IC74151:mux|lpm_mux:Mux0|mux_joc:auto_generated|_~86             ; out0             ;
; |wrapper|design4:dut|IC74151:mux|lpm_mux:Mux0|mux_joc:auto_generated|_~87             ; |wrapper|design4:dut|IC74151:mux|lpm_mux:Mux0|mux_joc:auto_generated|_~87             ; out0             ;
; |wrapper|design4:dut|IC74151:mux|lpm_mux:Mux0|mux_joc:auto_generated|_~88             ; |wrapper|design4:dut|IC74151:mux|lpm_mux:Mux0|mux_joc:auto_generated|_~88             ; out0             ;
; |wrapper|design4:dut|IC74151:mux|lpm_mux:Mux0|mux_joc:auto_generated|_~89             ; |wrapper|design4:dut|IC74151:mux|lpm_mux:Mux0|mux_joc:auto_generated|_~89             ; out0             ;
; |wrapper|design4:dut|IC74151:mux|lpm_mux:Mux0|mux_joc:auto_generated|_~90             ; |wrapper|design4:dut|IC74151:mux|lpm_mux:Mux0|mux_joc:auto_generated|_~90             ; out0             ;
; |wrapper|design4:dut|IC74151:mux|lpm_mux:Mux0|mux_joc:auto_generated|_~95             ; |wrapper|design4:dut|IC74151:mux|lpm_mux:Mux0|mux_joc:auto_generated|_~95             ; out0             ;
; |wrapper|design4:dut|IC74151:mux|lpm_mux:Mux0|mux_joc:auto_generated|_~97             ; |wrapper|design4:dut|IC74151:mux|lpm_mux:Mux0|mux_joc:auto_generated|_~97             ; out0             ;
; |wrapper|design4:dut|IC74151:mux|lpm_mux:Mux0|mux_joc:auto_generated|_~98             ; |wrapper|design4:dut|IC74151:mux|lpm_mux:Mux0|mux_joc:auto_generated|_~98             ; out0             ;
; |wrapper|design4:dut|IC74151:mux|lpm_mux:Mux0|mux_joc:auto_generated|_~100            ; |wrapper|design4:dut|IC74151:mux|lpm_mux:Mux0|mux_joc:auto_generated|_~100            ; out0             ;
; |wrapper|design4:dut|IC74151:mux|lpm_mux:Mux0|mux_joc:auto_generated|_~103            ; |wrapper|design4:dut|IC74151:mux|lpm_mux:Mux0|mux_joc:auto_generated|_~103            ; out0             ;
; |wrapper|design4:dut|IC74151:mux|lpm_mux:Mux0|mux_joc:auto_generated|_~104            ; |wrapper|design4:dut|IC74151:mux|lpm_mux:Mux0|mux_joc:auto_generated|_~104            ; out0             ;
; |wrapper|design4:dut|IC74151:mux|lpm_mux:Mux0|mux_joc:auto_generated|_~105            ; |wrapper|design4:dut|IC74151:mux|lpm_mux:Mux0|mux_joc:auto_generated|_~105            ; out0             ;
; |wrapper|design4:dut|IC74151:mux|lpm_mux:Mux0|mux_joc:auto_generated|_~106            ; |wrapper|design4:dut|IC74151:mux|lpm_mux:Mux0|mux_joc:auto_generated|_~106            ; out0             ;
; |wrapper|design4:dut|IC74151:mux|lpm_mux:Mux0|mux_joc:auto_generated|_~107            ; |wrapper|design4:dut|IC74151:mux|lpm_mux:Mux0|mux_joc:auto_generated|_~107            ; out0             ;
; |wrapper|design4:dut|IC74151:mux|lpm_mux:Mux0|mux_joc:auto_generated|_~109            ; |wrapper|design4:dut|IC74151:mux|lpm_mux:Mux0|mux_joc:auto_generated|_~109            ; out0             ;
; |wrapper|design4:dut|IC74151:mux|lpm_mux:Mux0|mux_joc:auto_generated|_~112            ; |wrapper|design4:dut|IC74151:mux|lpm_mux:Mux0|mux_joc:auto_generated|_~112            ; out0             ;
; |wrapper|design4:dut|IC74151:mux|lpm_mux:Mux0|mux_joc:auto_generated|_~113            ; |wrapper|design4:dut|IC74151:mux|lpm_mux:Mux0|mux_joc:auto_generated|_~113            ; out0             ;
; |wrapper|design4:dut|IC74151:mux|lpm_mux:Mux0|mux_joc:auto_generated|_~114            ; |wrapper|design4:dut|IC74151:mux|lpm_mux:Mux0|mux_joc:auto_generated|_~114            ; out0             ;
; |wrapper|design4:dut|IC74151:mux|lpm_mux:Mux0|mux_joc:auto_generated|_~115            ; |wrapper|design4:dut|IC74151:mux|lpm_mux:Mux0|mux_joc:auto_generated|_~115            ; out0             ;
; |wrapper|design4:dut|IC74151:mux|lpm_mux:Mux0|mux_joc:auto_generated|_~116            ; |wrapper|design4:dut|IC74151:mux|lpm_mux:Mux0|mux_joc:auto_generated|_~116            ; out0             ;
; |wrapper|design4:dut|IC74151:mux|lpm_mux:Mux0|mux_joc:auto_generated|_~117            ; |wrapper|design4:dut|IC74151:mux|lpm_mux:Mux0|mux_joc:auto_generated|_~117            ; out0             ;
; |wrapper|design4:dut|IC74151:mux|lpm_mux:Mux0|mux_joc:auto_generated|_~118            ; |wrapper|design4:dut|IC74151:mux|lpm_mux:Mux0|mux_joc:auto_generated|_~118            ; out0             ;
; |wrapper|design4:dut|IC74151:mux|lpm_mux:Mux0|mux_joc:auto_generated|_~119            ; |wrapper|design4:dut|IC74151:mux|lpm_mux:Mux0|mux_joc:auto_generated|_~119            ; out0             ;
; |wrapper|design4:dut|IC74151:mux|lpm_mux:Mux0|mux_joc:auto_generated|_~120            ; |wrapper|design4:dut|IC74151:mux|lpm_mux:Mux0|mux_joc:auto_generated|_~120            ; out0             ;
; |wrapper|design4:dut|IC74151:mux|lpm_mux:Mux0|mux_joc:auto_generated|_~122            ; |wrapper|design4:dut|IC74151:mux|lpm_mux:Mux0|mux_joc:auto_generated|_~122            ; out0             ;
; |wrapper|design4:dut|IC74151:mux|lpm_mux:Mux0|mux_joc:auto_generated|_~123            ; |wrapper|design4:dut|IC74151:mux|lpm_mux:Mux0|mux_joc:auto_generated|_~123            ; out0             ;
; |wrapper|design4:dut|IC74151:mux|lpm_mux:Mux0|mux_joc:auto_generated|_~124            ; |wrapper|design4:dut|IC74151:mux|lpm_mux:Mux0|mux_joc:auto_generated|_~124            ; out0             ;
; |wrapper|design4:dut|IC74151:mux|lpm_mux:Mux0|mux_joc:auto_generated|_~125            ; |wrapper|design4:dut|IC74151:mux|lpm_mux:Mux0|mux_joc:auto_generated|_~125            ; out0             ;
; |wrapper|design4:dut|IC74151:mux|lpm_mux:Mux0|mux_joc:auto_generated|_~126            ; |wrapper|design4:dut|IC74151:mux|lpm_mux:Mux0|mux_joc:auto_generated|_~126            ; out0             ;
; |wrapper|design4:dut|IC74151:mux|lpm_mux:Mux0|mux_joc:auto_generated|_~127            ; |wrapper|design4:dut|IC74151:mux|lpm_mux:Mux0|mux_joc:auto_generated|_~127            ; out0             ;
; |wrapper|design4:dut|IC74151:mux|lpm_mux:Mux0|mux_joc:auto_generated|_~128            ; |wrapper|design4:dut|IC74151:mux|lpm_mux:Mux0|mux_joc:auto_generated|_~128            ; out0             ;
; |wrapper|design4:dut|IC74151:mux|lpm_mux:Mux0|mux_joc:auto_generated|_~129            ; |wrapper|design4:dut|IC74151:mux|lpm_mux:Mux0|mux_joc:auto_generated|_~129            ; out0             ;
; |wrapper|design4:dut|IC74151:mux|lpm_mux:Mux0|mux_joc:auto_generated|_~131            ; |wrapper|design4:dut|IC74151:mux|lpm_mux:Mux0|mux_joc:auto_generated|_~131            ; out0             ;
; |wrapper|design4:dut|IC74151:mux|lpm_mux:Mux0|mux_joc:auto_generated|_~132            ; |wrapper|design4:dut|IC74151:mux|lpm_mux:Mux0|mux_joc:auto_generated|_~132            ; out0             ;
; |wrapper|design4:dut|IC74151:mux|lpm_mux:Mux0|mux_joc:auto_generated|_~133            ; |wrapper|design4:dut|IC74151:mux|lpm_mux:Mux0|mux_joc:auto_generated|_~133            ; out0             ;
; |wrapper|design4:dut|IC74151:mux|lpm_mux:Mux0|mux_joc:auto_generated|_~134            ; |wrapper|design4:dut|IC74151:mux|lpm_mux:Mux0|mux_joc:auto_generated|_~134            ; out0             ;
; |wrapper|design4:dut|IC74151:mux|lpm_mux:Mux0|mux_joc:auto_generated|_~135            ; |wrapper|design4:dut|IC74151:mux|lpm_mux:Mux0|mux_joc:auto_generated|_~135            ; out0             ;
; |wrapper|design4:dut|IC74151:mux|lpm_mux:Mux0|mux_joc:auto_generated|_~136            ; |wrapper|design4:dut|IC74151:mux|lpm_mux:Mux0|mux_joc:auto_generated|_~136            ; out0             ;
; |wrapper|design4:dut|IC74151:mux|lpm_mux:Mux0|mux_joc:auto_generated|_~137            ; |wrapper|design4:dut|IC74151:mux|lpm_mux:Mux0|mux_joc:auto_generated|_~137            ; out0             ;
; |wrapper|design4:dut|IC74151:mux|lpm_mux:Mux0|mux_joc:auto_generated|_~138            ; |wrapper|design4:dut|IC74151:mux|lpm_mux:Mux0|mux_joc:auto_generated|_~138            ; out0             ;
; |wrapper|design4:dut|IC74151:mux|lpm_mux:Mux0|mux_joc:auto_generated|_~140            ; |wrapper|design4:dut|IC74151:mux|lpm_mux:Mux0|mux_joc:auto_generated|_~140            ; out0             ;
; |wrapper|design4:dut|IC74151:mux|lpm_mux:Mux0|mux_joc:auto_generated|_~141            ; |wrapper|design4:dut|IC74151:mux|lpm_mux:Mux0|mux_joc:auto_generated|_~141            ; out0             ;
; |wrapper|design4:dut|IC74151:mux|lpm_mux:Mux0|mux_joc:auto_generated|_~142            ; |wrapper|design4:dut|IC74151:mux|lpm_mux:Mux0|mux_joc:auto_generated|_~142            ; out0             ;
; |wrapper|design4:dut|IC74151:mux|lpm_mux:Mux0|mux_joc:auto_generated|_~143            ; |wrapper|design4:dut|IC74151:mux|lpm_mux:Mux0|mux_joc:auto_generated|_~143            ; out0             ;
; |wrapper|design4:dut|IC74151:mux|lpm_mux:Mux0|mux_joc:auto_generated|result_node[0]~1 ; |wrapper|design4:dut|IC74151:mux|lpm_mux:Mux0|mux_joc:auto_generated|result_node[0]~1 ; out0             ;
; |wrapper|design4:dut|IC74151:mux|lpm_mux:Mux0|mux_joc:auto_generated|result_node[0]   ; |wrapper|design4:dut|IC74151:mux|lpm_mux:Mux0|mux_joc:auto_generated|result_node[0]   ; out0             ;
+---------------------------------------------------------------------------------------+---------------------------------------------------------------------------------------+------------------+


The following table displays output ports that do not toggle to 1 during simulation.
+--------------------------------------------------------------------------------------------------------------------------------------------------------------------------------------------------+
; Missing 1-Value Coverage                                                                                                                                                                         ;
+---------------------------------------------------------------------------------------+---------------------------------------------------------------------------------------+------------------+
; Node Name                                                                             ; Output Port Name                                                                      ; Output Port Type ;
+---------------------------------------------------------------------------------------+---------------------------------------------------------------------------------------+------------------+
; |wrapper|design4:dut|IC74151:mux|lpm_mux:Mux0|mux_joc:auto_generated|_~0              ; |wrapper|design4:dut|IC74151:mux|lpm_mux:Mux0|mux_joc:auto_generated|_~0              ; out0             ;
; |wrapper|design4:dut|IC74151:mux|lpm_mux:Mux0|mux_joc:auto_generated|_~2              ; |wrapper|design4:dut|IC74151:mux|lpm_mux:Mux0|mux_joc:auto_generated|_~2              ; out0             ;
; |wrapper|design4:dut|IC74151:mux|lpm_mux:Mux0|mux_joc:auto_generated|_~4              ; |wrapper|design4:dut|IC74151:mux|lpm_mux:Mux0|mux_joc:auto_generated|_~4              ; out0             ;
; |wrapper|design4:dut|IC74151:mux|lpm_mux:Mux0|mux_joc:auto_generated|_~9              ; |wrapper|design4:dut|IC74151:mux|lpm_mux:Mux0|mux_joc:auto_generated|_~9              ; out0             ;
; |wrapper|design4:dut|IC74151:mux|lpm_mux:Mux0|mux_joc:auto_generated|_~11             ; |wrapper|design4:dut|IC74151:mux|lpm_mux:Mux0|mux_joc:auto_generated|_~11             ; out0             ;
; |wrapper|design4:dut|IC74151:mux|lpm_mux:Mux0|mux_joc:auto_generated|_~13             ; |wrapper|design4:dut|IC74151:mux|lpm_mux:Mux0|mux_joc:auto_generated|_~13             ; out0             ;
; |wrapper|design4:dut|IC74151:mux|lpm_mux:Mux0|mux_joc:auto_generated|_~19             ; |wrapper|design4:dut|IC74151:mux|lpm_mux:Mux0|mux_joc:auto_generated|_~19             ; out0             ;
; |wrapper|design4:dut|IC74151:mux|lpm_mux:Mux0|mux_joc:auto_generated|_~20             ; |wrapper|design4:dut|IC74151:mux|lpm_mux:Mux0|mux_joc:auto_generated|_~20             ; out0             ;
; |wrapper|design4:dut|IC74151:mux|lpm_mux:Mux0|mux_joc:auto_generated|_~21             ; |wrapper|design4:dut|IC74151:mux|lpm_mux:Mux0|mux_joc:auto_generated|_~21             ; out0             ;
; |wrapper|design4:dut|IC74151:mux|lpm_mux:Mux0|mux_joc:auto_generated|_~22             ; |wrapper|design4:dut|IC74151:mux|lpm_mux:Mux0|mux_joc:auto_generated|_~22             ; out0             ;
; |wrapper|design4:dut|IC74151:mux|lpm_mux:Mux0|mux_joc:auto_generated|_~24             ; |wrapper|design4:dut|IC74151:mux|lpm_mux:Mux0|mux_joc:auto_generated|_~24             ; out0             ;
; |wrapper|design4:dut|IC74151:mux|lpm_mux:Mux0|mux_joc:auto_generated|_~26             ; |wrapper|design4:dut|IC74151:mux|lpm_mux:Mux0|mux_joc:auto_generated|_~26             ; out0             ;
; |wrapper|design4:dut|IC74151:mux|lpm_mux:Mux0|mux_joc:auto_generated|_~31             ; |wrapper|design4:dut|IC74151:mux|lpm_mux:Mux0|mux_joc:auto_generated|_~31             ; out0             ;
; |wrapper|design4:dut|IC74151:mux|lpm_mux:Mux0|mux_joc:auto_generated|_~33             ; |wrapper|design4:dut|IC74151:mux|lpm_mux:Mux0|mux_joc:auto_generated|_~33             ; out0             ;
; |wrapper|design4:dut|IC74151:mux|lpm_mux:Mux0|mux_joc:auto_generated|_~35             ; |wrapper|design4:dut|IC74151:mux|lpm_mux:Mux0|mux_joc:auto_generated|_~35             ; out0             ;
; |wrapper|design4:dut|IC74151:mux|lpm_mux:Mux0|mux_joc:auto_generated|_~41             ; |wrapper|design4:dut|IC74151:mux|lpm_mux:Mux0|mux_joc:auto_generated|_~41             ; out0             ;
; |wrapper|design4:dut|IC74151:mux|lpm_mux:Mux0|mux_joc:auto_generated|_~42             ; |wrapper|design4:dut|IC74151:mux|lpm_mux:Mux0|mux_joc:auto_generated|_~42             ; out0             ;
; |wrapper|design4:dut|IC74151:mux|lpm_mux:Mux0|mux_joc:auto_generated|_~43             ; |wrapper|design4:dut|IC74151:mux|lpm_mux:Mux0|mux_joc:auto_generated|_~43             ; out0             ;
; |wrapper|design4:dut|IC74151:mux|lpm_mux:Mux0|mux_joc:auto_generated|_~44             ; |wrapper|design4:dut|IC74151:mux|lpm_mux:Mux0|mux_joc:auto_generated|_~44             ; out0             ;
; |wrapper|design4:dut|IC74151:mux|lpm_mux:Mux0|mux_joc:auto_generated|_~46             ; |wrapper|design4:dut|IC74151:mux|lpm_mux:Mux0|mux_joc:auto_generated|_~46             ; out0             ;
; |wrapper|design4:dut|IC74151:mux|lpm_mux:Mux0|mux_joc:auto_generated|_~49             ; |wrapper|design4:dut|IC74151:mux|lpm_mux:Mux0|mux_joc:auto_generated|_~49             ; out0             ;
; |wrapper|design4:dut|IC74151:mux|lpm_mux:Mux0|mux_joc:auto_generated|_~51             ; |wrapper|design4:dut|IC74151:mux|lpm_mux:Mux0|mux_joc:auto_generated|_~51             ; out0             ;
; |wrapper|design4:dut|IC74151:mux|lpm_mux:Mux0|mux_joc:auto_generated|_~52             ; |wrapper|design4:dut|IC74151:mux|lpm_mux:Mux0|mux_joc:auto_generated|_~52             ; out0             ;
; |wrapper|design4:dut|IC74151:mux|lpm_mux:Mux0|mux_joc:auto_generated|_~58             ; |wrapper|design4:dut|IC74151:mux|lpm_mux:Mux0|mux_joc:auto_generated|_~58             ; out0             ;
; |wrapper|design4:dut|IC74151:mux|lpm_mux:Mux0|mux_joc:auto_generated|_~60             ; |wrapper|design4:dut|IC74151:mux|lpm_mux:Mux0|mux_joc:auto_generated|_~60             ; out0             ;
; |wrapper|design4:dut|IC74151:mux|lpm_mux:Mux0|mux_joc:auto_generated|_~61             ; |wrapper|design4:dut|IC74151:mux|lpm_mux:Mux0|mux_joc:auto_generated|_~61             ; out0             ;
; |wrapper|design4:dut|IC74151:mux|lpm_mux:Mux0|mux_joc:auto_generated|result_node[0]~0 ; |wrapper|design4:dut|IC74151:mux|lpm_mux:Mux0|mux_joc:auto_generated|result_node[0]~0 ; out0             ;
; |wrapper|design4:dut|IC74151:mux|lpm_mux:Mux0|mux_joc:auto_generated|_~72             ; |wrapper|design4:dut|IC74151:mux|lpm_mux:Mux0|mux_joc:auto_generated|_~72             ; out0             ;
; |wrapper|design4:dut|IC74151:mux|lpm_mux:Mux0|mux_joc:auto_generated|_~74             ; |wrapper|design4:dut|IC74151:mux|lpm_mux:Mux0|mux_joc:auto_generated|_~74             ; out0             ;
; |wrapper|design4:dut|IC74151:mux|lpm_mux:Mux0|mux_joc:auto_generated|_~76             ; |wrapper|design4:dut|IC74151:mux|lpm_mux:Mux0|mux_joc:auto_generated|_~76             ; out0             ;
; |wrapper|design4:dut|IC74151:mux|lpm_mux:Mux0|mux_joc:auto_generated|_~81             ; |wrapper|design4:dut|IC74151:mux|lpm_mux:Mux0|mux_joc:auto_generated|_~81             ; out0             ;
; |wrapper|design4:dut|IC74151:mux|lpm_mux:Mux0|mux_joc:auto_generated|_~83             ; |wrapper|design4:dut|IC74151:mux|lpm_mux:Mux0|mux_joc:auto_generated|_~83             ; out0             ;
; |wrapper|design4:dut|IC74151:mux|lpm_mux:Mux0|mux_joc:auto_generated|_~85             ; |wrapper|design4:dut|IC74151:mux|lpm_mux:Mux0|mux_joc:auto_generated|_~85             ; out0             ;
; |wrapper|design4:dut|IC74151:mux|lpm_mux:Mux0|mux_joc:auto_generated|_~91             ; |wrapper|design4:dut|IC74151:mux|lpm_mux:Mux0|mux_joc:auto_generated|_~91             ; out0             ;
; |wrapper|design4:dut|IC74151:mux|lpm_mux:Mux0|mux_joc:auto_generated|_~92             ; |wrapper|design4:dut|IC74151:mux|lpm_mux:Mux0|mux_joc:auto_generated|_~92             ; out0             ;
; |wrapper|design4:dut|IC74151:mux|lpm_mux:Mux0|mux_joc:auto_generated|_~93             ; |wrapper|design4:dut|IC74151:mux|lpm_mux:Mux0|mux_joc:auto_generated|_~93             ; out0             ;
; |wrapper|design4:dut|IC74151:mux|lpm_mux:Mux0|mux_joc:auto_generated|_~94             ; |wrapper|design4:dut|IC74151:mux|lpm_mux:Mux0|mux_joc:auto_generated|_~94             ; out0             ;
; |wrapper|design4:dut|IC74151:mux|lpm_mux:Mux0|mux_joc:auto_generated|_~96             ; |wrapper|design4:dut|IC74151:mux|lpm_mux:Mux0|mux_joc:auto_generated|_~96             ; out0             ;
; |wrapper|design4:dut|IC74151:mux|lpm_mux:Mux0|mux_joc:auto_generated|_~99             ; |wrapper|design4:dut|IC74151:mux|lpm_mux:Mux0|mux_joc:auto_generated|_~99             ; out0             ;
; |wrapper|design4:dut|IC74151:mux|lpm_mux:Mux0|mux_joc:auto_generated|_~101            ; |wrapper|design4:dut|IC74151:mux|lpm_mux:Mux0|mux_joc:auto_generated|_~101            ; out0             ;
; |wrapper|design4:dut|IC74151:mux|lpm_mux:Mux0|mux_joc:auto_generated|_~102            ; |wrapper|design4:dut|IC74151:mux|lpm_mux:Mux0|mux_joc:auto_generated|_~102            ; out0             ;
; |wrapper|design4:dut|IC74151:mux|lpm_mux:Mux0|mux_joc:auto_generated|_~108            ; |wrapper|design4:dut|IC74151:mux|lpm_mux:Mux0|mux_joc:auto_generated|_~108            ; out0             ;
; |wrapper|design4:dut|IC74151:mux|lpm_mux:Mux0|mux_joc:auto_generated|_~110            ; |wrapper|design4:dut|IC74151:mux|lpm_mux:Mux0|mux_joc:auto_generated|_~110            ; out0             ;
; |wrapper|design4:dut|IC74151:mux|lpm_mux:Mux0|mux_joc:auto_generated|_~111            ; |wrapper|design4:dut|IC74151:mux|lpm_mux:Mux0|mux_joc:auto_generated|_~111            ; out0             ;
; |wrapper|design4:dut|IC74151:mux|lpm_mux:Mux0|mux_joc:auto_generated|_~121            ; |wrapper|design4:dut|IC74151:mux|lpm_mux:Mux0|mux_joc:auto_generated|_~121            ; out0             ;
; |wrapper|design4:dut|IC74151:mux|lpm_mux:Mux0|mux_joc:auto_generated|_~130            ; |wrapper|design4:dut|IC74151:mux|lpm_mux:Mux0|mux_joc:auto_generated|_~130            ; out0             ;
; |wrapper|design4:dut|IC74151:mux|lpm_mux:Mux0|mux_joc:auto_generated|_~139            ; |wrapper|design4:dut|IC74151:mux|lpm_mux:Mux0|mux_joc:auto_generated|_~139            ; out0             ;
+---------------------------------------------------------------------------------------+---------------------------------------------------------------------------------------+------------------+


The following table displays output ports that do not toggle to 0 during simulation.
+--------------------------------------------------------------------------------------------------------------------------------------------------------------------------------------------------+
; Missing 0-Value Coverage                                                                                                                                                                         ;
+---------------------------------------------------------------------------------------+---------------------------------------------------------------------------------------+------------------+
; Node Name                                                                             ; Output Port Name                                                                      ; Output Port Type ;
+---------------------------------------------------------------------------------------+---------------------------------------------------------------------------------------+------------------+
; |wrapper|design4:dut|IC74151:mux|lpm_mux:Mux0|mux_joc:auto_generated|_~0              ; |wrapper|design4:dut|IC74151:mux|lpm_mux:Mux0|mux_joc:auto_generated|_~0              ; out0             ;
; |wrapper|design4:dut|IC74151:mux|lpm_mux:Mux0|mux_joc:auto_generated|_~2              ; |wrapper|design4:dut|IC74151:mux|lpm_mux:Mux0|mux_joc:auto_generated|_~2              ; out0             ;
; |wrapper|design4:dut|IC74151:mux|lpm_mux:Mux0|mux_joc:auto_generated|_~4              ; |wrapper|design4:dut|IC74151:mux|lpm_mux:Mux0|mux_joc:auto_generated|_~4              ; out0             ;
; |wrapper|design4:dut|IC74151:mux|lpm_mux:Mux0|mux_joc:auto_generated|_~9              ; |wrapper|design4:dut|IC74151:mux|lpm_mux:Mux0|mux_joc:auto_generated|_~9              ; out0             ;
; |wrapper|design4:dut|IC74151:mux|lpm_mux:Mux0|mux_joc:auto_generated|_~11             ; |wrapper|design4:dut|IC74151:mux|lpm_mux:Mux0|mux_joc:auto_generated|_~11             ; out0             ;
; |wrapper|design4:dut|IC74151:mux|lpm_mux:Mux0|mux_joc:auto_generated|_~13             ; |wrapper|design4:dut|IC74151:mux|lpm_mux:Mux0|mux_joc:auto_generated|_~13             ; out0             ;
; |wrapper|design4:dut|IC74151:mux|lpm_mux:Mux0|mux_joc:auto_generated|_~19             ; |wrapper|design4:dut|IC74151:mux|lpm_mux:Mux0|mux_joc:auto_generated|_~19             ; out0             ;
; |wrapper|design4:dut|IC74151:mux|lpm_mux:Mux0|mux_joc:auto_generated|_~20             ; |wrapper|design4:dut|IC74151:mux|lpm_mux:Mux0|mux_joc:auto_generated|_~20             ; out0             ;
; |wrapper|design4:dut|IC74151:mux|lpm_mux:Mux0|mux_joc:auto_generated|_~21             ; |wrapper|design4:dut|IC74151:mux|lpm_mux:Mux0|mux_joc:auto_generated|_~21             ; out0             ;
; |wrapper|design4:dut|IC74151:mux|lpm_mux:Mux0|mux_joc:auto_generated|_~22             ; |wrapper|design4:dut|IC74151:mux|lpm_mux:Mux0|mux_joc:auto_generated|_~22             ; out0             ;
; |wrapper|design4:dut|IC74151:mux|lpm_mux:Mux0|mux_joc:auto_generated|_~24             ; |wrapper|design4:dut|IC74151:mux|lpm_mux:Mux0|mux_joc:auto_generated|_~24             ; out0             ;
; |wrapper|design4:dut|IC74151:mux|lpm_mux:Mux0|mux_joc:auto_generated|_~26             ; |wrapper|design4:dut|IC74151:mux|lpm_mux:Mux0|mux_joc:auto_generated|_~26             ; out0             ;
; |wrapper|design4:dut|IC74151:mux|lpm_mux:Mux0|mux_joc:auto_generated|_~31             ; |wrapper|design4:dut|IC74151:mux|lpm_mux:Mux0|mux_joc:auto_generated|_~31             ; out0             ;
; |wrapper|design4:dut|IC74151:mux|lpm_mux:Mux0|mux_joc:auto_generated|_~33             ; |wrapper|design4:dut|IC74151:mux|lpm_mux:Mux0|mux_joc:auto_generated|_~33             ; out0             ;
; |wrapper|design4:dut|IC74151:mux|lpm_mux:Mux0|mux_joc:auto_generated|_~35             ; |wrapper|design4:dut|IC74151:mux|lpm_mux:Mux0|mux_joc:auto_generated|_~35             ; out0             ;
; |wrapper|design4:dut|IC74151:mux|lpm_mux:Mux0|mux_joc:auto_generated|_~41             ; |wrapper|design4:dut|IC74151:mux|lpm_mux:Mux0|mux_joc:auto_generated|_~41             ; out0             ;
; |wrapper|design4:dut|IC74151:mux|lpm_mux:Mux0|mux_joc:auto_generated|_~42             ; |wrapper|design4:dut|IC74151:mux|lpm_mux:Mux0|mux_joc:auto_generated|_~42             ; out0             ;
; |wrapper|design4:dut|IC74151:mux|lpm_mux:Mux0|mux_joc:auto_generated|_~43             ; |wrapper|design4:dut|IC74151:mux|lpm_mux:Mux0|mux_joc:auto_generated|_~43             ; out0             ;
; |wrapper|design4:dut|IC74151:mux|lpm_mux:Mux0|mux_joc:auto_generated|_~44             ; |wrapper|design4:dut|IC74151:mux|lpm_mux:Mux0|mux_joc:auto_generated|_~44             ; out0             ;
; |wrapper|design4:dut|IC74151:mux|lpm_mux:Mux0|mux_joc:auto_generated|_~46             ; |wrapper|design4:dut|IC74151:mux|lpm_mux:Mux0|mux_joc:auto_generated|_~46             ; out0             ;
; |wrapper|design4:dut|IC74151:mux|lpm_mux:Mux0|mux_joc:auto_generated|_~49             ; |wrapper|design4:dut|IC74151:mux|lpm_mux:Mux0|mux_joc:auto_generated|_~49             ; out0             ;
; |wrapper|design4:dut|IC74151:mux|lpm_mux:Mux0|mux_joc:auto_generated|_~51             ; |wrapper|design4:dut|IC74151:mux|lpm_mux:Mux0|mux_joc:auto_generated|_~51             ; out0             ;
; |wrapper|design4:dut|IC74151:mux|lpm_mux:Mux0|mux_joc:auto_generated|_~52             ; |wrapper|design4:dut|IC74151:mux|lpm_mux:Mux0|mux_joc:auto_generated|_~52             ; out0             ;
; |wrapper|design4:dut|IC74151:mux|lpm_mux:Mux0|mux_joc:auto_generated|_~58             ; |wrapper|design4:dut|IC74151:mux|lpm_mux:Mux0|mux_joc:auto_generated|_~58             ; out0             ;
; |wrapper|design4:dut|IC74151:mux|lpm_mux:Mux0|mux_joc:auto_generated|_~60             ; |wrapper|design4:dut|IC74151:mux|lpm_mux:Mux0|mux_joc:auto_generated|_~60             ; out0             ;
; |wrapper|design4:dut|IC74151:mux|lpm_mux:Mux0|mux_joc:auto_generated|_~61             ; |wrapper|design4:dut|IC74151:mux|lpm_mux:Mux0|mux_joc:auto_generated|_~61             ; out0             ;
; |wrapper|design4:dut|IC74151:mux|lpm_mux:Mux0|mux_joc:auto_generated|result_node[0]~0 ; |wrapper|design4:dut|IC74151:mux|lpm_mux:Mux0|mux_joc:auto_generated|result_node[0]~0 ; out0             ;
; |wrapper|design4:dut|IC74151:mux|lpm_mux:Mux0|mux_joc:auto_generated|_~72             ; |wrapper|design4:dut|IC74151:mux|lpm_mux:Mux0|mux_joc:auto_generated|_~72             ; out0             ;
; |wrapper|design4:dut|IC74151:mux|lpm_mux:Mux0|mux_joc:auto_generated|_~74             ; |wrapper|design4:dut|IC74151:mux|lpm_mux:Mux0|mux_joc:auto_generated|_~74             ; out0             ;
; |wrapper|design4:dut|IC74151:mux|lpm_mux:Mux0|mux_joc:auto_generated|_~76             ; |wrapper|design4:dut|IC74151:mux|lpm_mux:Mux0|mux_joc:auto_generated|_~76             ; out0             ;
; |wrapper|design4:dut|IC74151:mux|lpm_mux:Mux0|mux_joc:auto_generated|_~81             ; |wrapper|design4:dut|IC74151:mux|lpm_mux:Mux0|mux_joc:auto_generated|_~81             ; out0             ;
; |wrapper|design4:dut|IC74151:mux|lpm_mux:Mux0|mux_joc:auto_generated|_~83             ; |wrapper|design4:dut|IC74151:mux|lpm_mux:Mux0|mux_joc:auto_generated|_~83             ; out0             ;
; |wrapper|design4:dut|IC74151:mux|lpm_mux:Mux0|mux_joc:auto_generated|_~85             ; |wrapper|design4:dut|IC74151:mux|lpm_mux:Mux0|mux_joc:auto_generated|_~85             ; out0             ;
; |wrapper|design4:dut|IC74151:mux|lpm_mux:Mux0|mux_joc:auto_generated|_~91             ; |wrapper|design4:dut|IC74151:mux|lpm_mux:Mux0|mux_joc:auto_generated|_~91             ; out0             ;
; |wrapper|design4:dut|IC74151:mux|lpm_mux:Mux0|mux_joc:auto_generated|_~92             ; |wrapper|design4:dut|IC74151:mux|lpm_mux:Mux0|mux_joc:auto_generated|_~92             ; out0             ;
; |wrapper|design4:dut|IC74151:mux|lpm_mux:Mux0|mux_joc:auto_generated|_~93             ; |wrapper|design4:dut|IC74151:mux|lpm_mux:Mux0|mux_joc:auto_generated|_~93             ; out0             ;
; |wrapper|design4:dut|IC74151:mux|lpm_mux:Mux0|mux_joc:auto_generated|_~94             ; |wrapper|design4:dut|IC74151:mux|lpm_mux:Mux0|mux_joc:auto_generated|_~94             ; out0             ;
; |wrapper|design4:dut|IC74151:mux|lpm_mux:Mux0|mux_joc:auto_generated|_~96             ; |wrapper|design4:dut|IC74151:mux|lpm_mux:Mux0|mux_joc:auto_generated|_~96             ; out0             ;
; |wrapper|design4:dut|IC74151:mux|lpm_mux:Mux0|mux_joc:auto_generated|_~99             ; |wrapper|design4:dut|IC74151:mux|lpm_mux:Mux0|mux_joc:auto_generated|_~99             ; out0             ;
; |wrapper|design4:dut|IC74151:mux|lpm_mux:Mux0|mux_joc:auto_generated|_~101            ; |wrapper|design4:dut|IC74151:mux|lpm_mux:Mux0|mux_joc:auto_generated|_~101            ; out0             ;
; |wrapper|design4:dut|IC74151:mux|lpm_mux:Mux0|mux_joc:auto_generated|_~102            ; |wrapper|design4:dut|IC74151:mux|lpm_mux:Mux0|mux_joc:auto_generated|_~102            ; out0             ;
; |wrapper|design4:dut|IC74151:mux|lpm_mux:Mux0|mux_joc:auto_generated|_~108            ; |wrapper|design4:dut|IC74151:mux|lpm_mux:Mux0|mux_joc:auto_generated|_~108            ; out0             ;
; |wrapper|design4:dut|IC74151:mux|lpm_mux:Mux0|mux_joc:auto_generated|_~110            ; |wrapper|design4:dut|IC74151:mux|lpm_mux:Mux0|mux_joc:auto_generated|_~110            ; out0             ;
; |wrapper|design4:dut|IC74151:mux|lpm_mux:Mux0|mux_joc:auto_generated|_~111            ; |wrapper|design4:dut|IC74151:mux|lpm_mux:Mux0|mux_joc:auto_generated|_~111            ; out0             ;
; |wrapper|design4:dut|IC74151:mux|lpm_mux:Mux0|mux_joc:auto_generated|_~121            ; |wrapper|design4:dut|IC74151:mux|lpm_mux:Mux0|mux_joc:auto_generated|_~121            ; out0             ;
; |wrapper|design4:dut|IC74151:mux|lpm_mux:Mux0|mux_joc:auto_generated|_~130            ; |wrapper|design4:dut|IC74151:mux|lpm_mux:Mux0|mux_joc:auto_generated|_~130            ; out0             ;
; |wrapper|design4:dut|IC74151:mux|lpm_mux:Mux0|mux_joc:auto_generated|_~139            ; |wrapper|design4:dut|IC74151:mux|lpm_mux:Mux0|mux_joc:auto_generated|_~139            ; out0             ;
+---------------------------------------------------------------------------------------+---------------------------------------------------------------------------------------+------------------+


+---------------------+
; Simulator INI Usage ;
+--------+------------+
; Option ; Usage      ;
+--------+------------+


+--------------------+
; Simulator Messages ;
+--------------------+
Info: *******************************************************************
Info: Running Quartus II 64-Bit Simulator
    Info: Version 13.0.1 Build 232 06/12/2013 Service Pack 1 SJ Web Edition
    Info: Processing started: Sun Nov  5 04:37:50 2023
Info: Command: quartus_sim --simulation_results_format=VWF wrapper -c wrapper
Info (324025): Using vector source file "/home/python/Documents/projects/lab2/ex04/quartus/Waveform.vwf"
Info (310003): Option to preserve fewer signal transitions to reduce memory requirements is enabled
    Info (310004): Simulation has been partitioned into sub-simulations according to the maximum transition count determined by the engine. Transitions from memory will be flushed out to disk at the end of each sub-simulation to reduce memory requirements.
Info (310002): Simulation partitioned into 1 sub-simulations
Info (328053): Simulation coverage is      69.48 %
Info (328052): Number of transitions in simulation is 8718
Info (324045): Vector file wrapper.sim.vwf is saved in VWF text format. You can compress it into CVWF format in order to reduce file size. For more details please refer to the Quartus II Help.
Info: Quartus II 64-Bit Simulator was successful. 0 errors, 0 warnings
    Info: Peak virtual memory: 630 megabytes
    Info: Processing ended: Sun Nov  5 04:37:50 2023
    Info: Elapsed time: 00:00:00
    Info: Total CPU time (on all processors): 00:00:01


